<?xml version="1.0" encoding="UTF-8"?>
<!-- Generated by org.testng.reporters.JUnitReportReporter -->
<testsuite hostname="LAPTOP-BE8V3U61" failures="0" tests="1" name="com.OnboardApplication.TestCases.TC_AddSecretFolder_025" time="23.317" errors="0" timestamp="2021-10-20T10:22:59 WAT" skipped="0">
  <testcase classname="com.OnboardApplication.TestCases.TC_AddSecretFolder_025" name="AddingSecretFolder" time="23.317"/>
  <system-out/>
</testsuite> <!-- com.OnboardApplication.TestCases.TC_AddSecretFolder_025 -->
