<?xml version="1.0" encoding="UTF-8"?>
<!-- Generated by org.testng.reporters.JUnitReportReporter -->
<testsuite hostname="LAPTOP-BE8V3U61" failures="0" tests="1" name="com.OnboardApplication.TestCases.TC_DeleteApiSecret_013" time="27.262" errors="0" timestamp="2021-10-20T10:22:59 WAT" skipped="0">
  <testcase classname="com.OnboardApplication.TestCases.TC_DeleteApiSecret_013" name="DeletingApiSecret" time="27.262"/>
  <system-out/>
</testsuite> <!-- com.OnboardApplication.TestCases.TC_DeleteApiSecret_013 -->
