<?xml version="1.0" encoding="UTF-8"?>
<!-- Generated by org.testng.reporters.JUnitReportReporter -->
<testsuite hostname="LAPTOP-BE8V3U61" failures="0" tests="1" name="com.OnboardApplication.TestCases.TC_AddApiKeySecret_011" time="34.565" errors="0" timestamp="2021-10-17T07:15:29 WAT" skipped="0">
  <testcase classname="com.OnboardApplication.TestCases.TC_AddApiKeySecret_011" name="AddingApiKeySecret" time="34.565"/>
  <system-out/>
</testsuite> <!-- com.OnboardApplication.TestCases.TC_AddApiKeySecret_011 -->
