<?xml version="1.0" encoding="UTF-8"?>
<!-- Generated by org.testng.reporters.JUnitReportReporter -->
<testsuite hostname="idika" failures="0" tests="1" name="com.OnboardApplication.TestCases.TC_DeleteTeammate_009" time="5.887" errors="0" timestamp="2021-07-03T22:48:16 WAT" skipped="0">
  <testcase classname="com.OnboardApplication.TestCases.TC_DeleteTeammate_009" name="DeleteTeammate" time="5.887"/>
  <system-out/>
</testsuite> <!-- com.OnboardApplication.TestCases.TC_DeleteTeammate_009 -->
