<?xml version="1.0" encoding="UTF-8"?>
<!-- Generated by org.testng.reporters.JUnitReportReporter -->
<testsuite hostname="LAPTOP-BE8V3U61" failures="0" tests="1" name="com.OnboardApplication.TestCases.TC_LoginTest_001" time="94.367" errors="0" timestamp="2022-05-04T18:30:21 WAT" skipped="0">
  <testcase classname="com.OnboardApplication.TestCases.TC_LoginTest_001" name="loginTest" time="94.367"/>
  <system-out/>
</testsuite> <!-- com.OnboardApplication.TestCases.TC_LoginTest_001 -->
